This is pdfTeX, Version 3.1415926-2.5-1.40.14 (TeX Live 2013/Debian) (format=pdflatex 2014.4.28)  3 JUN 2015 12:28
entering extended mode
 restricted \write18 enabled.
 %&-line parsing enabled.
**manual.tex
(./manual.tex
LaTeX2e <2011/06/27>
Babel <3.9h> and hyphenation patterns for 4 languages loaded.
(/usr/share/texlive/texmf-dist/tex/latex/base/article.cls
Document Class: article 2007/10/19 v1.4h Standard LaTeX document class
(/usr/share/texlive/texmf-dist/tex/latex/base/size11.clo
File: size11.clo 2007/10/19 v1.4h Standard LaTeX file (size option)
)
\c@part=\count79
\c@section=\count80
\c@subsection=\count81
\c@subsubsection=\count82
\c@paragraph=\count83
\c@subparagraph=\count84
\c@figure=\count85
\c@table=\count86
\abovecaptionskip=\skip41
\belowcaptionskip=\skip42
\bibindent=\dimen102
)
(/usr/share/texlive/texmf-dist/tex/generic/babel/babel.sty
Package: babel 2013/12/03 3.9h The Babel package

(/usr/share/texlive/texmf-dist/tex/generic/babel-english/english.ldf
Language: english 2012/08/20 v3.3p English support from the babel system

(/usr/share/texlive/texmf-dist/tex/generic/babel/babel.def
File: babel.def 2013/12/03 3.9h Babel common definitions
\babel@savecnt=\count87
\U@D=\dimen103
)
\l@canadian = a dialect from \language\l@american 
\l@australian = a dialect from \language\l@british 
\l@newzealand = a dialect from \language\l@british 
))
(/usr/share/texlive/texmf-dist/tex/latex/amsmath/amsmath.sty
Package: amsmath 2013/01/14 v2.14 AMS math features
\@mathmargin=\skip43

For additional information on amsmath, use the `?' option.
(/usr/share/texlive/texmf-dist/tex/latex/amsmath/amstext.sty
Package: amstext 2000/06/29 v2.01

(/usr/share/texlive/texmf-dist/tex/latex/amsmath/amsgen.sty
File: amsgen.sty 1999/11/30 v2.0
\@emptytoks=\toks14
\ex@=\dimen104
))
(/usr/share/texlive/texmf-dist/tex/latex/amsmath/amsbsy.sty
Package: amsbsy 1999/11/29 v1.2d
\pmbraise@=\dimen105
)
(/usr/share/texlive/texmf-dist/tex/latex/amsmath/amsopn.sty
Package: amsopn 1999/12/14 v2.01 operator names
)
\inf@bad=\count88
LaTeX Info: Redefining \frac on input line 210.
\uproot@=\count89
\leftroot@=\count90
LaTeX Info: Redefining \overline on input line 306.
\classnum@=\count91
\DOTSCASE@=\count92
LaTeX Info: Redefining \ldots on input line 378.
LaTeX Info: Redefining \dots on input line 381.
LaTeX Info: Redefining \cdots on input line 466.
\Mathstrutbox@=\box26
\strutbox@=\box27
\big@size=\dimen106
LaTeX Font Info:    Redeclaring font encoding OML on input line 566.
LaTeX Font Info:    Redeclaring font encoding OMS on input line 567.
\macc@depth=\count93
\c@MaxMatrixCols=\count94
\dotsspace@=\muskip10
\c@parentequation=\count95
\dspbrk@lvl=\count96
\tag@help=\toks15
\row@=\count97
\column@=\count98
\maxfields@=\count99
\andhelp@=\toks16
\eqnshift@=\dimen107
\alignsep@=\dimen108
\tagshift@=\dimen109
\tagwidth@=\dimen110
\totwidth@=\dimen111
\lineht@=\dimen112
\@envbody=\toks17
\multlinegap=\skip44
\multlinetaggap=\skip45
\mathdisplay@stack=\toks18
LaTeX Info: Redefining \[ on input line 2665.
LaTeX Info: Redefining \] on input line 2666.
)
(/usr/share/texlive/texmf-dist/tex/latex/amsfonts/amssymb.sty
Package: amssymb 2013/01/14 v3.01 AMS font symbols

(/usr/share/texlive/texmf-dist/tex/latex/amsfonts/amsfonts.sty
Package: amsfonts 2013/01/14 v3.01 Basic AMSFonts support
\symAMSa=\mathgroup4
\symAMSb=\mathgroup5
LaTeX Font Info:    Overwriting math alphabet `\mathfrak' in version `bold'
(Font)                  U/euf/m/n --> U/euf/b/n on input line 106.
))
(/usr/share/texlive/texmf-dist/tex/latex/float/float.sty
Package: float 2001/11/08 v1.3d Float enhancements (AL)
\c@float@type=\count100
\float@exts=\toks19
\float@box=\box28
\@float@everytoks=\toks20
\@floatcapt=\box29
)
(/usr/share/texlive/texmf-dist/tex/latex/subfigure/subfigure.sty
Package: subfigure 2002/03/15 v2.1.5 subfigure package
\subfigtopskip=\skip46
\subfigcapskip=\skip47
\subfigcaptopadj=\dimen113
\subfigbottomskip=\skip48
\subfigcapmargin=\dimen114
\subfiglabelskip=\skip49
\c@subfigure=\count101
\c@lofdepth=\count102
\c@subtable=\count103
\c@lotdepth=\count104

****************************************
* Local config file subfigure.cfg used *
****************************************
(/usr/share/texlive/texmf-dist/tex/latex/subfigure/subfigure.cfg)
\subfig@top=\skip50
\subfig@bottom=\skip51
)
(/usr/share/texlive/texmf-dist/tex/latex/base/fontenc.sty
Package: fontenc 2005/09/27 v1.99g Standard LaTeX package

(/usr/share/texlive/texmf-dist/tex/latex/base/t1enc.def
File: t1enc.def 2005/09/27 v1.99g Standard LaTeX file
LaTeX Font Info:    Redeclaring font encoding T1 on input line 43.
))
(/usr/share/texlive/texmf-dist/tex/latex/graphics/graphicx.sty
Package: graphicx 1999/02/16 v1.0f Enhanced LaTeX Graphics (DPC,SPQR)

(/usr/share/texlive/texmf-dist/tex/latex/graphics/keyval.sty
Package: keyval 1999/03/16 v1.13 key=value parser (DPC)
\KV@toks@=\toks21
)
(/usr/share/texlive/texmf-dist/tex/latex/graphics/graphics.sty
Package: graphics 2009/02/05 v1.0o Standard LaTeX Graphics (DPC,SPQR)

(/usr/share/texlive/texmf-dist/tex/latex/graphics/trig.sty
Package: trig 1999/03/16 v1.09 sin cos tan (DPC)
)
(/usr/share/texlive/texmf-dist/tex/latex/latexconfig/graphics.cfg
File: graphics.cfg 2010/04/23 v1.9 graphics configuration of TeX Live
)
Package graphics Info: Driver file: pdftex.def on input line 91.

(/usr/share/texlive/texmf-dist/tex/latex/pdftex-def/pdftex.def
File: pdftex.def 2011/05/27 v0.06d Graphics/color for pdfTeX

(/usr/share/texlive/texmf-dist/tex/generic/oberdiek/infwarerr.sty
Package: infwarerr 2010/04/08 v1.3 Providing info/warning/error messages (HO)
)
(/usr/share/texlive/texmf-dist/tex/generic/oberdiek/ltxcmds.sty
Package: ltxcmds 2011/11/09 v1.22 LaTeX kernel commands for general use (HO)
)
\Gread@gobject=\count105
))
\Gin@req@height=\dimen115
\Gin@req@width=\dimen116
)
(/usr/share/texlive/texmf-dist/tex/latex/oberdiek/epstopdf.sty
Package: epstopdf 2010/02/09 v2.5 Conversion with epstopdf on the fly (HO)

(/usr/share/texlive/texmf-dist/tex/latex/oberdiek/epstopdf-base.sty
Package: epstopdf-base 2010/02/09 v2.5 Base part for package epstopdf

(/usr/share/texlive/texmf-dist/tex/latex/oberdiek/grfext.sty
Package: grfext 2010/08/19 v1.1 Manage graphics extensions (HO)

(/usr/share/texlive/texmf-dist/tex/generic/oberdiek/kvdefinekeys.sty
Package: kvdefinekeys 2011/04/07 v1.3 Define keys (HO)
))
(/usr/share/texlive/texmf-dist/tex/latex/oberdiek/kvoptions.sty
Package: kvoptions 2011/06/30 v3.11 Key value format for package options (HO)

(/usr/share/texlive/texmf-dist/tex/generic/oberdiek/kvsetkeys.sty
Package: kvsetkeys 2012/04/25 v1.16 Key value parser (HO)

(/usr/share/texlive/texmf-dist/tex/generic/oberdiek/etexcmds.sty
Package: etexcmds 2011/02/16 v1.5 Avoid name clashes with e-TeX commands (HO)

(/usr/share/texlive/texmf-dist/tex/generic/oberdiek/ifluatex.sty
Package: ifluatex 2010/03/01 v1.3 Provides the ifluatex switch (HO)
Package ifluatex Info: LuaTeX not detected.
)
Package etexcmds Info: Could not find \expanded.
(etexcmds)             That can mean that you are not using pdfTeX 1.50 or
(etexcmds)             that some package has redefined \expanded.
(etexcmds)             In the latter case, load this package earlier.
)))
(/usr/share/texlive/texmf-dist/tex/generic/oberdiek/pdftexcmds.sty
Package: pdftexcmds 2011/11/29 v0.20 Utility functions of pdfTeX for LuaTeX (HO
)

(/usr/share/texlive/texmf-dist/tex/generic/oberdiek/ifpdf.sty
Package: ifpdf 2011/01/30 v2.3 Provides the ifpdf switch (HO)
Package ifpdf Info: pdfTeX in PDF mode is detected.
)
Package pdftexcmds Info: LuaTeX not detected.
Package pdftexcmds Info: \pdf@primitive is available.
Package pdftexcmds Info: \pdf@ifprimitive is available.
Package pdftexcmds Info: \pdfdraftmode found.
)
Package grfext Info: Graphics extension search list:
(grfext)             [.png,.pdf,.jpg,.mps,.jpeg,.jbig2,.jb2,.PNG,.PDF,.JPG,.JPE
G,.JBIG2,.JB2,.eps]
(grfext)             \AppendGraphicsExtensions on input line 452.

(/usr/share/texlive/texmf-dist/tex/latex/latexconfig/epstopdf-sys.cfg
File: epstopdf-sys.cfg 2010/07/13 v1.3 Configuration of (r)epstopdf for TeX Liv
e
)))
(/usr/share/texlive/texmf-dist/tex/latex/graphics/color.sty
Package: color 2005/11/14 v1.0j Standard LaTeX Color (DPC)

(/usr/share/texlive/texmf-dist/tex/latex/latexconfig/color.cfg
File: color.cfg 2007/01/18 v1.5 color configuration of teTeX/TeXLive
)
Package color Info: Driver file: pdftex.def on input line 130.
)
(/usr/share/texlive/texmf-dist/tex/latex/listings/listings.sty
\lst@mode=\count106
\lst@gtempboxa=\box30
\lst@token=\toks22
\lst@length=\count107
\lst@currlwidth=\dimen117
\lst@column=\count108
\lst@pos=\count109
\lst@lostspace=\dimen118
\lst@width=\dimen119
\lst@newlines=\count110
\lst@lineno=\count111
\lst@maxwidth=\dimen120

(/usr/share/texlive/texmf-dist/tex/latex/listings/lstmisc.sty
File: lstmisc.sty 2013/08/26 1.5b (Carsten Heinz)
\c@lstnumber=\count112
\lst@skipnumbers=\count113
\lst@framebox=\box31
)
(/usr/share/texlive/texmf-dist/tex/latex/listings/listings.cfg
File: listings.cfg 2013/08/26 1.5b listings configuration
))
Package: listings 2013/08/26 1.5b (Carsten Heinz)

(/usr/share/texlive/texmf-dist/tex/latex/sidecap/sidecap.sty
Package: sidecap 2003/06/06 v1.6f SideCap Package (RN/HjG)

(/usr/share/texlive/texmf-dist/tex/latex/base/ifthen.sty
Package: ifthen 2001/05/26 v1.1c Standard LaTeX ifthen package (DPC)
)
\SC@BOXWD=\dimen121
\SC@CAPWD=\dimen122
\SC@tempdima=\dimen123
\SC@tempdimb=\dimen124
\c@SC@C=\count114
\SC@BOX=\box32
)
(/usr/share/texlive/texmf-dist/tex/latex/multirow/multirow.sty
\bigstrutjot=\dimen125
)
(/usr/share/texlive/texmf-dist/tex/latex/hyperref/hyperref.sty
Package: hyperref 2012/11/06 v6.83m Hypertext links for LaTeX

(/usr/share/texlive/texmf-dist/tex/generic/oberdiek/hobsub-hyperref.sty
Package: hobsub-hyperref 2012/05/28 v1.13 Bundle oberdiek, subset hyperref (HO)


(/usr/share/texlive/texmf-dist/tex/generic/oberdiek/hobsub-generic.sty
Package: hobsub-generic 2012/05/28 v1.13 Bundle oberdiek, subset generic (HO)
Package: hobsub 2012/05/28 v1.13 Construct package bundles (HO)
Package hobsub Info: Skipping package `infwarerr' (already loaded).
Package hobsub Info: Skipping package `ltxcmds' (already loaded).
Package hobsub Info: Skipping package `ifluatex' (already loaded).
Package: ifvtex 2010/03/01 v1.5 Detect VTeX and its facilities (HO)
Package ifvtex Info: VTeX not detected.
Package: intcalc 2007/09/27 v1.1 Expandable calculations with integers (HO)
Package hobsub Info: Skipping package `ifpdf' (already loaded).
Package hobsub Info: Skipping package `etexcmds' (already loaded).
Package hobsub Info: Skipping package `kvsetkeys' (already loaded).
Package hobsub Info: Skipping package `kvdefinekeys' (already loaded).
Package hobsub Info: Skipping package `pdftexcmds' (already loaded).
Package: pdfescape 2011/11/25 v1.13 Implements pdfTeX's escape features (HO)
Package: bigintcalc 2012/04/08 v1.3 Expandable calculations on big integers (HO
)
Package: bitset 2011/01/30 v1.1 Handle bit-vector datatype (HO)
Package: uniquecounter 2011/01/30 v1.2 Provide unlimited unique counter (HO)
)
Package hobsub Info: Skipping package `hobsub' (already loaded).
Package: letltxmacro 2010/09/02 v1.4 Let assignment for LaTeX macros (HO)
Package: hopatch 2012/05/28 v1.2 Wrapper for package hooks (HO)
Package: xcolor-patch 2011/01/30 xcolor patch
Package: atveryend 2011/06/30 v1.8 Hooks at the very end of document (HO)
Package atveryend Info: \enddocument detected (standard20110627).
Package: atbegshi 2011/10/05 v1.16 At begin shipout hook (HO)
Package: refcount 2011/10/16 v3.4 Data extraction from label references (HO)
Package: hycolor 2011/01/30 v1.7 Color options for hyperref/bookmark (HO)
)
(/usr/share/texlive/texmf-dist/tex/generic/ifxetex/ifxetex.sty
Package: ifxetex 2010/09/12 v0.6 Provides ifxetex conditional
)
(/usr/share/texlive/texmf-dist/tex/latex/oberdiek/auxhook.sty
Package: auxhook 2011/03/04 v1.3 Hooks for auxiliary files (HO)
)
\@linkdim=\dimen126
\Hy@linkcounter=\count115
\Hy@pagecounter=\count116

(/usr/share/texlive/texmf-dist/tex/latex/hyperref/pd1enc.def
File: pd1enc.def 2012/11/06 v6.83m Hyperref: PDFDocEncoding definition (HO)
)
\Hy@SavedSpaceFactor=\count117

(/usr/share/texlive/texmf-dist/tex/latex/latexconfig/hyperref.cfg
File: hyperref.cfg 2002/06/06 v1.2 hyperref configuration of TeXLive
)
Package hyperref Info: Hyper figures OFF on input line 4443.
Package hyperref Info: Link nesting OFF on input line 4448.
Package hyperref Info: Hyper index ON on input line 4451.
Package hyperref Info: Plain pages OFF on input line 4458.
Package hyperref Info: Backreferencing OFF on input line 4463.
Package hyperref Info: Implicit mode ON; LaTeX internals redefined.
Package hyperref Info: Bookmarks ON on input line 4688.
\c@Hy@tempcnt=\count118

(/usr/share/texlive/texmf-dist/tex/latex/url/url.sty
\Urlmuskip=\muskip11
Package: url 2013/09/16  ver 3.4  Verb mode for urls, etc.
)
LaTeX Info: Redefining \url on input line 5041.
\XeTeXLinkMargin=\dimen127
\Fld@menulength=\count119
\Field@Width=\dimen128
\Fld@charsize=\dimen129
Package hyperref Info: Hyper figures OFF on input line 6295.
Package hyperref Info: Link nesting OFF on input line 6300.
Package hyperref Info: Hyper index ON on input line 6303.
Package hyperref Info: backreferencing OFF on input line 6310.
Package hyperref Info: Link coloring OFF on input line 6315.
Package hyperref Info: Link coloring with OCG OFF on input line 6320.
Package hyperref Info: PDF/A mode OFF on input line 6325.
LaTeX Info: Redefining \ref on input line 6365.
LaTeX Info: Redefining \pageref on input line 6369.
\Hy@abspage=\count120
\c@Item=\count121
\c@Hfootnote=\count122
)

Package hyperref Message: Driver (autodetected): hpdftex.

(/usr/share/texlive/texmf-dist/tex/latex/hyperref/hpdftex.def
File: hpdftex.def 2012/11/06 v6.83m Hyperref driver for pdfTeX
\Fld@listcount=\count123
\c@bookmark@seq@number=\count124

(/usr/share/texlive/texmf-dist/tex/latex/oberdiek/rerunfilecheck.sty
Package: rerunfilecheck 2011/04/15 v1.7 Rerun checks for auxiliary files (HO)
Package uniquecounter Info: New unique counter `rerunfilecheck' on input line 2
82.
)
\Hy@SectionHShift=\skip52
)
(/usr/share/texlive/texmf-dist/tex/latex/listings/lstlang1.sty
File: lstlang1.sty 2013/08/26 1.5b listings language file
)
(/usr/share/texlive/texmf-dist/tex/latex/listings/lstlang1.sty
File: lstlang1.sty 2013/08/26 1.5b listings language file
)
(/usr/share/texlive/texmf-dist/tex/latex/listings/lstmisc.sty
File: lstmisc.sty 2013/08/26 1.5b (Carsten Heinz)
) (./manual.aux
(./titlepage.aux) (./introduction.aux) (./installation.aux) (./interfacing.aux)
(./formulation.aux) (./solvers.aux) (./examples.aux))
\openout1 = `manual.aux'.

LaTeX Font Info:    Checking defaults for OML/cmm/m/it on input line 42.
LaTeX Font Info:    ... okay on input line 42.
LaTeX Font Info:    Checking defaults for T1/cmr/m/n on input line 42.
LaTeX Font Info:    ... okay on input line 42.
LaTeX Font Info:    Checking defaults for OT1/cmr/m/n on input line 42.
LaTeX Font Info:    ... okay on input line 42.
LaTeX Font Info:    Checking defaults for OMS/cmsy/m/n on input line 42.
LaTeX Font Info:    ... okay on input line 42.
LaTeX Font Info:    Checking defaults for OMX/cmex/m/n on input line 42.
LaTeX Font Info:    ... okay on input line 42.
LaTeX Font Info:    Checking defaults for U/cmr/m/n on input line 42.
LaTeX Font Info:    ... okay on input line 42.
LaTeX Font Info:    Checking defaults for PD1/pdf/m/n on input line 42.
LaTeX Font Info:    ... okay on input line 42.

(/usr/share/texlive/texmf-dist/tex/context/base/supp-pdf.mkii
[Loading MPS to PDF converter (version 2006.09.02).]
\scratchcounter=\count125
\scratchdimen=\dimen130
\scratchbox=\box33
\nofMPsegments=\count126
\nofMParguments=\count127
\everyMPshowfont=\toks23
\MPscratchCnt=\count128
\MPscratchDim=\dimen131
\MPnumerator=\count129
\makeMPintoPDFobject=\count130
\everyMPtoPDFconversion=\toks24
)
\c@lstlisting=\count131
 (/usr/share/texlive/texmf-dist/tex/latex/ms/ragged2e.sty
Package: ragged2e 2009/05/21 v2.1 ragged2e Package (MS)

(/usr/share/texlive/texmf-dist/tex/latex/ms/everysel.sty
Package: everysel 2011/10/28 v1.2 EverySelectfont Package (MS)

ABD: EverySelectfont initializing macros
LaTeX Info: Redefining \selectfont on input line 126.
)
\CenteringLeftskip=\skip53
\RaggedLeftLeftskip=\skip54
\RaggedRightLeftskip=\skip55
\CenteringRightskip=\skip56
\RaggedLeftRightskip=\skip57
\RaggedRightRightskip=\skip58
\CenteringParfillskip=\skip59
\RaggedLeftParfillskip=\skip60
\RaggedRightParfillskip=\skip61
\JustifyingParfillskip=\skip62
\CenteringParindent=\skip63
\RaggedLeftParindent=\skip64
\RaggedRightParindent=\skip65
\JustifyingParindent=\skip66
)
\AtBeginShipoutBox=\box34
Package hyperref Info: Link coloring OFF on input line 42.

(/usr/share/texlive/texmf-dist/tex/latex/hyperref/nameref.sty
Package: nameref 2012/10/27 v2.43 Cross-referencing by name of section

(/usr/share/texlive/texmf-dist/tex/generic/oberdiek/gettitlestring.sty
Package: gettitlestring 2010/12/03 v1.4 Cleanup title references (HO)
)
\c@section@level=\count132
)
LaTeX Info: Redefining \ref on input line 42.
LaTeX Info: Redefining \pageref on input line 42.
LaTeX Info: Redefining \nameref on input line 42.

(./manual.out) (./manual.out)
\@outlinefile=\write3
\openout3 = `manual.out'.

\openout2 = `titlepage.aux'.

 (./titlepage.tex [1


{/var/lib/texmf/fonts/map/pdftex/updmap/pdftex.map}]) (./manual.toc
LaTeX Font Info:    Try loading font information for U+msa on input line 3.

(/usr/share/texlive/texmf-dist/tex/latex/amsfonts/umsa.fd
File: umsa.fd 2013/01/14 v3.01 AMS symbols A
)
LaTeX Font Info:    Try loading font information for U+msb on input line 3.

(/usr/share/texlive/texmf-dist/tex/latex/amsfonts/umsb.fd
File: umsb.fd 2013/01/14 v3.01 AMS symbols B
)
LaTeX Font Info:    Try loading font information for T1+cmtt on input line 44.

(/usr/share/texlive/texmf-dist/tex/latex/base/t1cmtt.fd
File: t1cmtt.fd 1999/05/25 v2.5h Standard LaTeX font definitions
)pdfTeX warning (ext4): destination with the same identifier (name{page.1}) has
 been already used, duplicate ignored
<to be read again> 
                   \relax 
l.45 ... {6.2}Farming problem}{23}{subsection.6.2}
                                                   [1

])
\tf@toc=\write4
\openout4 = `manual.toc'.

 [2]
\openout2 = `introduction.aux'.

 (./introduction.tex
LaTeX Font Info:    Try loading font information for OMS+cmr on input line 6.
(/usr/share/texlive/texmf-dist/tex/latex/base/omscmr.fd
File: omscmr.fd 1999/05/25 v2.5h Standard LaTeX font definitions
)
LaTeX Font Info:    Font shape `OMS/cmr/m/n' in size <10.95> not available
(Font)              Font shape `OMS/cmsy/m/n' tried instead on input line 6.

Overfull \hbox (28.4922pt too wide) in paragraph at lines 6--8
[]\T1/cmr/m/n/10.95 Mathematical for-mu-la-tion of mixed-integer non-lin-ear pr
o-gram-ming (MINLP)
 []

[3

] [4] [5]
Package epstopdf Info: Source file: <figures/epigraph1.eps>
(epstopdf)                    date: 2015-01-28 10:39:21
(epstopdf)                    size: 25463 bytes
(epstopdf)             Output file: <figures/epigraph1-eps-converted-to.pdf>
(epstopdf)                    date: 2015-01-28 10:39:21
(epstopdf)                    size: 10994 bytes
(epstopdf)             Command: <repstopdf --outfile=figures/epigraph1-eps-conv
erted-to.pdf figures/epigraph1.eps>
(epstopdf)             \includegraphics on input line 133.
Package epstopdf Info: Output file is already uptodate.

<figures/epigraph1-eps-converted-to.pdf, id=354, 238.8925pt x 158.5925pt>
File: figures/epigraph1-eps-converted-to.pdf Graphic file (type pdf)

<use figures/epigraph1-eps-converted-to.pdf>
Package pdftex.def Info: figures/epigraph1-eps-converted-to.pdf used on input l
ine 133.
(pdftex.def)             Requested size: 167.2236pt x 111.01396pt.
Package epstopdf Info: Source file: <figures/epigraph2.eps>
(epstopdf)                    date: 2015-01-28 10:39:21
(epstopdf)                    size: 35584 bytes
(epstopdf)             Output file: <figures/epigraph2-eps-converted-to.pdf>
(epstopdf)                    date: 2015-01-28 10:39:21
(epstopdf)                    size: 31641 bytes
(epstopdf)             Command: <repstopdf --outfile=figures/epigraph2-eps-conv
erted-to.pdf figures/epigraph2.eps>
(epstopdf)             \includegraphics on input line 137.
Package epstopdf Info: Output file is already uptodate.

<figures/epigraph2-eps-converted-to.pdf, id=355, 231.86626pt x 167.62625pt>
File: figures/epigraph2-eps-converted-to.pdf Graphic file (type pdf)

<use figures/epigraph2-eps-converted-to.pdf>
Package pdftex.def Info: figures/epigraph2-eps-converted-to.pdf used on input l
ine 137.
(pdftex.def)             Requested size: 162.30525pt x 117.33755pt.
 [6]
Package epstopdf Info: Source file: <figures/convex1.eps>
(epstopdf)                    date: 2015-01-28 10:39:21
(epstopdf)                    size: 69918 bytes
(epstopdf)             Output file: <figures/convex1-eps-converted-to.pdf>
(epstopdf)                    date: 2015-01-28 10:39:21
(epstopdf)                    size: 25498 bytes
(epstopdf)             Command: <repstopdf --outfile=figures/convex1-eps-conver
ted-to.pdf figures/convex1.eps>
(epstopdf)             \includegraphics on input line 165.
Package epstopdf Info: Output file is already uptodate.

<figures/convex1-eps-converted-to.pdf, id=371, 203.76125pt x 160.6pt>
File: figures/convex1-eps-converted-to.pdf Graphic file (type pdf)

<use figures/convex1-eps-converted-to.pdf>
Package pdftex.def Info: figures/convex1-eps-converted-to.pdf used on input lin
e 165.
(pdftex.def)             Requested size: 142.6319pt x 112.41922pt.
Package epstopdf Info: Source file: <figures/convex2.eps>
(epstopdf)                    date: 2015-01-28 10:39:21
(epstopdf)                    size: 44478 bytes
(epstopdf)             Output file: <figures/convex2-eps-converted-to.pdf>
(epstopdf)                    date: 2015-01-28 10:39:21
(epstopdf)                    size: 17334 bytes
(epstopdf)             Command: <repstopdf --outfile=figures/convex2-eps-conver
ted-to.pdf figures/convex2.eps>
(epstopdf)             \includegraphics on input line 169.
Package epstopdf Info: Output file is already uptodate.

<figures/convex2-eps-converted-to.pdf, id=374, 207.77625pt x 159.59625pt>
File: figures/convex2-eps-converted-to.pdf Graphic file (type pdf)

<use figures/convex2-eps-converted-to.pdf>
Package pdftex.def Info: figures/convex2-eps-converted-to.pdf used on input lin
e 169.
(pdftex.def)             Requested size: 145.44237pt x 111.7166pt.

Underfull \hbox (badness 10000) in paragraph at lines 157--172

 []

[7 <./figures/epigraph1-eps-converted-to.pdf> <./figures/epigraph2-eps-converte
d-to.pdf>] [8 <./figures/convex1-eps-converted-to.pdf> <./figures/convex2-eps-c
onverted-to.pdf>]) [9]
\openout2 = `installation.aux'.

 (./installation.tex) [10


]
\openout2 = `interfacing.aux'.

 (./interfacing.tex
Package epstopdf Info: Source file: <figures/QtCreator.eps>
(epstopdf)                    date: 2015-01-28 10:39:21
(epstopdf)                    size: 438461 bytes
(epstopdf)             Output file: <figures/QtCreator-eps-converted-to.pdf>
(epstopdf)                    date: 2015-01-28 10:39:21
(epstopdf)                    size: 145590 bytes
(epstopdf)             Command: <repstopdf --outfile=figures/QtCreator-eps-conv
erted-to.pdf figures/QtCreator.eps>
(epstopdf)             \includegraphics on input line 7.
Package epstopdf Info: Output file is already uptodate.

<figures/QtCreator-eps-converted-to.pdf, id=422, 393.47pt x 880.28876pt>
File: figures/QtCreator-eps-converted-to.pdf Graphic file (type pdf)

<use figures/QtCreator-eps-converted-to.pdf>
Package pdftex.def Info: figures/QtCreator-eps-converted-to.pdf used on input l
ine 7.
(pdftex.def)             Requested size: 157.38521pt x 352.10927pt.

Underfull \hbox (badness 1248) in paragraph at lines 20--20
[]\T1/cmr/bx/n/10.95 BranchAndBound: \T1/cmr/m/n/10.95 Con-tains
 []


Underfull \hbox (badness 1701) in paragraph at lines 20--20
\T1/cmr/m/n/10.95 the code and classes re-quired
 []


Underfull \hbox (badness 1406) in paragraph at lines 20--20
\T1/cmr/m/n/10.95 code which trans-lates the op-
 []


Underfull \hbox (badness 7832) in paragraph at lines 20--20
[]\T1/cmr/bx/n/10.95 TestProblems: \T1/cmr/m/n/10.95 Con-tains a
 []

[11


 <./figures/QtCreator-eps-converted-to.pdf>]) [12]
\openout2 = `formulation.aux'.

 (./formulation.tex
[13


] [14] [15] [16]) [17]
\openout2 = `solvers.aux'.

 (./solvers.tex [18


]
Underfull \hbox (badness 1939) in paragraph at lines 52--53
[]\T1/cmr/m/n/10.95 Selects nodes based on breadth-first
 []

[19]
Overfull \hbox (50.15315pt too wide) in paragraph at lines 112--121
[][] 
 []

[20]
Overfull \hbox (4.50734pt too wide) in paragraph at lines 128--154
[][] 
 []

) [21]
\openout2 = `examples.aux'.

 (./examples.tex
LaTeX Font Info:    Font shape `T1/cmtt/bx/n' in size <12> not available
(Font)              Font shape `T1/cmtt/m/n' tried instead on input line 3.


Package hyperref Warning: Token not allowed in a PDF string (PDFDocEncoding):
(hyperref)                removing `\@ifnextchar' on input line 3.


Underfull \hbox (badness 3029) in paragraph at lines 20--20
[]\T1/cmr/m/n/10.95 Six-Hump Camel-back func-
 []


Underfull \hbox (badness 10000) in paragraph at lines 20--20
\T1/cmr/m/n/10.95 the []\T1/cmtt/m/n/10.95 ConstraintPolynomial[]
 []


Underfull \hbox (badness 3029) in paragraph at lines 22--22
[]\T1/cmr/m/n/10.95 Six-Hump Camel-back func-
 []


Underfull \hbox (badness 3029) in paragraph at lines 24--24
[]\T1/cmr/m/n/10.95 Six-Hump Camel-back func-
 []


Underfull \hbox (badness 5417) in paragraph at lines 24--24
\T1/cmr/m/n/10.95 tion: Global op-ti-miza-tion
 []


Underfull \hbox (badness 2205) in paragraph at lines 24--24
\T1/cmr/m/n/10.95 us-ing an alpha-Branch-and-
 []


Underfull \hbox (badness 1107) in paragraph at lines 24--24
\T1/cmr/m/n/10.95 con-straint and re-laxed con-
 []


Underfull \hbox (badness 3029) in paragraph at lines 26--26
[]\T1/cmr/m/n/10.95 Six-Hump Camel-back func-
 []

[22


] [23]
Package epstopdf Info: Source file: <figures/FarmingLP.eps>
(epstopdf)                    date: 2015-01-28 10:39:21
(epstopdf)                    size: 151055 bytes
(epstopdf)             Output file: <figures/FarmingLP-eps-converted-to.pdf>
(epstopdf)                    date: 2015-01-28 10:39:21
(epstopdf)                    size: 48456 bytes
(epstopdf)             Command: <repstopdf --outfile=figures/FarmingLP-eps-conv
erted-to.pdf figures/FarmingLP.eps>
(epstopdf)             \includegraphics on input line 87.
Package epstopdf Info: Output file is already uptodate.

<figures/FarmingLP-eps-converted-to.pdf, id=599, 449.68pt x 338.26375pt>
File: figures/FarmingLP-eps-converted-to.pdf Graphic file (type pdf)

<use figures/FarmingLP-eps-converted-to.pdf>
Package pdftex.def Info: figures/FarmingLP-eps-converted-to.pdf used on input l
ine 87.
(pdftex.def)             Requested size: 360.0pt x 270.81265pt.

Overfull \hbox (6.26044pt too wide) in paragraph at lines 93--94
\T1/cmr/m/n/10.95 class called []\T1/cmtt/m/n/10.95 FarmingLP[]\T1/cmr/m/n/10.9
5 . The code be-low is im-ple-mented in the \T1/cmtt/m/n/10.95 solveProblem()
 []

[24 <./figures/FarmingLP-eps-converted-to.pdf>]
Underfull \hbox (badness 10000) in paragraph at lines 126--142

 []


Overfull \hbox (8.46002pt too wide) in paragraph at lines 126--142
\T1/cmtt/m/n/9 ****************************************************************
************** 
 []


Overfull \hbox (8.46002pt too wide) in paragraph at lines 126--142
\T1/cmtt/m/n/9 This program contains Ipopt, a library for large-scale nonlinear
 optimization. 
 []


Overfull \hbox (3.73618pt too wide) in paragraph at lines 126--142
\T1/cmtt/m/n/9 Ipopt is released as open source code under the Eclipse Public L
icense (EPL). 
 []


Overfull \hbox (8.46002pt too wide) in paragraph at lines 126--142
\T1/cmtt/m/n/9 ****************************************************************
************** 
 []


Underfull \hbox (badness 10000) in paragraph at lines 126--142

 []

[25] [26]
Package epstopdf Info: Source file: <figures/FarmingQP.eps>
(epstopdf)                    date: 2015-01-28 10:39:21
(epstopdf)                    size: 198336 bytes
(epstopdf)             Output file: <figures/FarmingQP-eps-converted-to.pdf>
(epstopdf)                    date: 2015-01-28 10:39:21
(epstopdf)                    size: 59204 bytes
(epstopdf)             Command: <repstopdf --outfile=figures/FarmingQP-eps-conv
erted-to.pdf figures/FarmingQP.eps>
(epstopdf)             \includegraphics on input line 193.
Package epstopdf Info: Output file is already uptodate.

<figures/FarmingQP-eps-converted-to.pdf, id=662, 449.68pt x 338.26375pt>
File: figures/FarmingQP-eps-converted-to.pdf Graphic file (type pdf)

<use figures/FarmingQP-eps-converted-to.pdf>
Package pdftex.def Info: figures/FarmingQP-eps-converted-to.pdf used on input l
ine 193.
(pdftex.def)             Requested size: 360.0pt x 270.81265pt.
 [27]
Overfull \hbox (6.26044pt too wide) in paragraph at lines 199--200
\T1/cmr/m/n/10.95 class called []\T1/cmtt/m/n/10.95 FarmingQP[]\T1/cmr/m/n/10.9
5 . The code be-low is im-ple-mented in the \T1/cmtt/m/n/10.95 solveProblem()
 []

[28 <./figures/FarmingQP-eps-converted-to.pdf>]
Underfull \hbox (badness 10000) in paragraph at lines 245--261

 []


Overfull \hbox (8.46002pt too wide) in paragraph at lines 245--261
\T1/cmtt/m/n/9 ****************************************************************
************** 
 []


Overfull \hbox (8.46002pt too wide) in paragraph at lines 245--261
\T1/cmtt/m/n/9 This program contains Ipopt, a library for large-scale nonlinear
 optimization. 
 []


Overfull \hbox (3.73618pt too wide) in paragraph at lines 245--261
\T1/cmtt/m/n/9 Ipopt is released as open source code under the Eclipse Public L
icense (EPL). 
 []


Overfull \hbox (8.46002pt too wide) in paragraph at lines 245--261
\T1/cmtt/m/n/9 ****************************************************************
************** 
 []


Underfull \hbox (badness 10000) in paragraph at lines 245--261

 []

[29]
Package epstopdf Info: Source file: <figures/FarmingInteger.eps>
(epstopdf)                    date: 2015-01-28 10:39:21
(epstopdf)                    size: 228476 bytes
(epstopdf)             Output file: <figures/FarmingInteger-eps-converted-to.pd
f>
(epstopdf)                    date: 2015-01-28 10:39:21
(epstopdf)                    size: 64406 bytes
(epstopdf)             Command: <repstopdf --outfile=figures/FarmingInteger-eps
-converted-to.pdf figures/FarmingInteger.eps>
(epstopdf)             \includegraphics on input line 267.
Package epstopdf Info: Output file is already uptodate.

<figures/FarmingInteger-eps-converted-to.pdf, id=734, 397.485pt x 293.095pt>
File: figures/FarmingInteger-eps-converted-to.pdf Graphic file (type pdf)

<use figures/FarmingInteger-eps-converted-to.pdf>
Package pdftex.def Info: figures/FarmingInteger-eps-converted-to.pdf used on in
put line 267.
(pdftex.def)             Requested size: 360.0pt x 265.46461pt.

Overfull \hbox (36.56717pt too wide) in paragraph at lines 272--273
\T1/cmr/m/n/10.95 class called []\T1/cmtt/m/n/10.95 FarmingInteger[]\T1/cmr/m/n
/10.95 . The code be-low is im-ple-mented in the \T1/cmtt/m/n/10.95 solveProble
m()
 []

[30 <./figures/FarmingInteger-eps-converted-to.pdf>] [31]
Overfull \hbox (34.77269pt too wide) in paragraph at lines 336--337
[]\T1/cmr/m/n/10.95 In lines 47-49, we use the []\T1/cmtt/m/n/10.95 BranchAndBo
und[] \T1/cmr/m/n/10.95 class in-stead of the []\T1/cmtt/m/n/10.95 OptimizerIpo
pt[]
 []


Underfull \hbox (badness 10000) in paragraph at lines 338--350

 []

[32]
Package epstopdf Info: Source file: <figures/flownetwork.eps>
(epstopdf)                    date: 2015-01-28 10:39:21
(epstopdf)                    size: 40722 bytes
(epstopdf)             Output file: <figures/flownetwork-eps-converted-to.pdf>
(epstopdf)                    date: 2015-01-28 10:39:21
(epstopdf)                    size: 15962 bytes
(epstopdf)             Command: <repstopdf --outfile=figures/flownetwork-eps-co
nverted-to.pdf figures/flownetwork.eps>
(epstopdf)             \includegraphics on input line 357.
Package epstopdf Info: Output file is already uptodate.

<figures/flownetwork-eps-converted-to.pdf, id=810, 370.38374pt x 182.6825pt>
File: figures/flownetwork-eps-converted-to.pdf Graphic file (type pdf)

<use figures/flownetwork-eps-converted-to.pdf>
Package pdftex.def Info: figures/flownetwork-eps-converted-to.pdf used on input
 line 357.
(pdftex.def)             Requested size: 222.23195pt x 109.61034pt.
Package epstopdf Info: Source file: <figures/flownetwork_capacity.eps>
(epstopdf)                    date: 2015-01-28 10:39:21
(epstopdf)                    size: 33040 bytes
(epstopdf)             Output file: <figures/flownetwork_capacity-eps-converted
-to.pdf>
(epstopdf)                    date: 2015-01-28 10:39:21
(epstopdf)                    size: 13323 bytes
(epstopdf)             Command: <repstopdf --outfile=figures/flownetwork_capaci
ty-eps-converted-to.pdf figures/flownetwork_capacity.eps>
(epstopdf)             \includegraphics on input line 367.
Package epstopdf Info: Output file is already uptodate.

<figures/flownetwork_capacity-eps-converted-to.pdf, id=812, 370.38374pt x 182.6
825pt>
File: figures/flownetwork_capacity-eps-converted-to.pdf Graphic file (type pdf)

 <use figures/flownetwork_capacity-eps-converted-to.pdf>
Package pdftex.def Info: figures/flownetwork_capacity-eps-converted-to.pdf used
 on input line 367.
(pdftex.def)             Requested size: 222.23195pt x 109.61034pt.
 [33 <./figures/flownetwork-eps-converted-to.pdf> <./figures/flownetwork_capaci
ty-eps-converted-to.pdf>] [34]
Overfull \hbox (19.59206pt too wide) in paragraph at lines 447--448
\T1/cmr/m/n/10.95 class called []\T1/cmtt/m/n/10.95 MaximumFlow[]\T1/cmr/m/n/10
.95 . The code be-low is im-ple-mented in the \T1/cmtt/m/n/10.95 solveProblem()

 []

[35]
Underfull \hbox (badness 10000) in paragraph at lines 488--514

 []


Overfull \hbox (8.46002pt too wide) in paragraph at lines 488--514
\T1/cmtt/m/n/9 ****************************************************************
************** 
 []


Overfull \hbox (8.46002pt too wide) in paragraph at lines 488--514
\T1/cmtt/m/n/9 This program contains Ipopt, a library for large-scale nonlinear
 optimization. 
 []


Overfull \hbox (3.73618pt too wide) in paragraph at lines 488--514
\T1/cmtt/m/n/9 Ipopt is released as open source code under the Eclipse Public L
icense (EPL). 
 []


Overfull \hbox (8.46002pt too wide) in paragraph at lines 488--514
\T1/cmtt/m/n/9 ****************************************************************
************** 
 []


Underfull \hbox (badness 10000) in paragraph at lines 488--514

 []

[36]
Package epstopdf Info: Source file: <figures/flownetwork_sol1.eps>
(epstopdf)                    date: 2015-01-28 10:39:21
(epstopdf)                    size: 42570 bytes
(epstopdf)             Output file: <figures/flownetwork_sol1-eps-converted-to.
pdf>
(epstopdf)                    date: 2015-01-28 10:39:21
(epstopdf)                    size: 16217 bytes
(epstopdf)             Command: <repstopdf --outfile=figures/flownetwork_sol1-e
ps-converted-to.pdf figures/flownetwork_sol1.eps>
(epstopdf)             \includegraphics on input line 517.
Package epstopdf Info: Output file is already uptodate.

<figures/flownetwork_sol1-eps-converted-to.pdf, id=887, 370.38374pt x 184.69pt>
File: figures/flownetwork_sol1-eps-converted-to.pdf Graphic file (type pdf)
<use figures/flownetwork_sol1-eps-converted-to.pdf>
Package pdftex.def Info: figures/flownetwork_sol1-eps-converted-to.pdf used on 
input line 517.
(pdftex.def)             Requested size: 222.23195pt x 110.81483pt.
 [37 <./figures/flownetwork_sol1-eps-converted-to.pdf>]
Overfull \hbox (42.22554pt too wide) in paragraph at lines 588--589
\T1/cmr/m/n/10.95 class called []\T1/cmtt/m/n/10.95 FlowWithRouting[]\T1/cmr/m/
n/10.95 . The code be-low is im-ple-mented in the \T1/cmtt/m/n/10.95 solveProbl
em()
 []

[38] [39]
Overfull \hbox (23.72469pt too wide) in paragraph at lines 670--671
[]\T1/cmr/m/n/10.95 Lines 54-55: We use the []\T1/cmtt/m/n/10.95 BranchAndBound
[] \T1/cmr/m/n/10.95 solver in stead of []\T1/cmtt/m/n/10.95 OptimizerIpopt[]\T
1/cmr/m/n/10.95 ,
 []

Package epstopdf Info: Source file: <figures/flownetwork_sol2.eps>
(epstopdf)                    date: 2015-01-28 10:39:21
(epstopdf)                    size: 50323 bytes
(epstopdf)             Output file: <figures/flownetwork_sol2-eps-converted-to.
pdf>
(epstopdf)                    date: 2015-01-28 10:39:21
(epstopdf)                    size: 18899 bytes
(epstopdf)             Command: <repstopdf --outfile=figures/flownetwork_sol2-e
ps-converted-to.pdf figures/flownetwork_sol2.eps>
(epstopdf)             \includegraphics on input line 697.
Package epstopdf Info: Output file is already uptodate.

<figures/flownetwork_sol2-eps-converted-to.pdf, id=974, 370.38374pt x 184.69pt>
File: figures/flownetwork_sol2-eps-converted-to.pdf Graphic file (type pdf)
<use figures/flownetwork_sol2-eps-converted-to.pdf>
Package pdftex.def Info: figures/flownetwork_sol2-eps-converted-to.pdf used on 
input line 697.
(pdftex.def)             Requested size: 222.23195pt x 110.81483pt.
 [40]
Package epstopdf Info: Source file: <figures/flownetwork_sol3.eps>
(epstopdf)                    date: 2015-01-28 10:39:21
(epstopdf)                    size: 41093 bytes
(epstopdf)             Output file: <figures/flownetwork_sol3-eps-converted-to.
pdf>
(epstopdf)                    date: 2015-01-28 10:39:21
(epstopdf)                    size: 15550 bytes
(epstopdf)             Command: <repstopdf --outfile=figures/flownetwork_sol3-e
ps-converted-to.pdf figures/flownetwork_sol3.eps>
(epstopdf)             \includegraphics on input line 714.
Package epstopdf Info: Output file is already uptodate.

<figures/flownetwork_sol3-eps-converted-to.pdf, id=988, 370.38374pt x 184.69pt>
File: figures/flownetwork_sol3-eps-converted-to.pdf Graphic file (type pdf)
<use figures/flownetwork_sol3-eps-converted-to.pdf>
Package pdftex.def Info: figures/flownetwork_sol3-eps-converted-to.pdf used on 
input line 714.
(pdftex.def)             Requested size: 222.23195pt x 110.81483pt.
 [41 <./figures/flownetwork_sol2-eps-converted-to.pdf>]

Package hyperref Warning: Token not allowed in a PDF string (PDFDocEncoding):
(hyperref)                removing `\@ifnextchar' on input line 719.

Package epstopdf Info: Source file: <figures/pressuredrop.eps>
(epstopdf)                    date: 2015-01-28 10:39:21
(epstopdf)                    size: 28023 bytes
(epstopdf)             Output file: <figures/pressuredrop-eps-converted-to.pdf>

(epstopdf)                    date: 2015-01-28 10:39:21
(epstopdf)                    size: 11546 bytes
(epstopdf)             Command: <repstopdf --outfile=figures/pressuredrop-eps-c
onverted-to.pdf figures/pressuredrop.eps>
(epstopdf)             \includegraphics on input line 727.
Package epstopdf Info: Output file is already uptodate.

<figures/pressuredrop-eps-converted-to.pdf, id=1006, 209.78375pt x 55.20625pt>
File: figures/pressuredrop-eps-converted-to.pdf Graphic file (type pdf)

<use figures/pressuredrop-eps-converted-to.pdf>
Package pdftex.def Info: figures/pressuredrop-eps-converted-to.pdf used on inpu
t line 727.
(pdftex.def)             Requested size: 125.8712pt x 33.124pt.
 [42 <./figures/flownetwork_sol3-eps-converted-to.pdf> <./figures/pressuredrop-
eps-converted-to.pdf>] [43]
Package epstopdf Info: Source file: <figures/shcb_low.eps>
(epstopdf)                    date: 2015-01-28 10:39:21
(epstopdf)                    size: 4448858 bytes
(epstopdf)             Output file: <figures/shcb_low-eps-converted-to.pdf>
(epstopdf)                    date: 2015-01-28 10:39:21
(epstopdf)                    size: 44338 bytes
(epstopdf)             Command: <repstopdf --outfile=figures/shcb_low-eps-conve
rted-to.pdf figures/shcb_low.eps>
(epstopdf)             \includegraphics on input line 787.
Package epstopdf Info: Output file is already uptodate.

<figures/shcb_low-eps-converted-to.pdf, id=1034, 482.80376pt x 354.32375pt>
File: figures/shcb_low-eps-converted-to.pdf Graphic file (type pdf)

<use figures/shcb_low-eps-converted-to.pdf>
Package pdftex.def Info: figures/shcb_low-eps-converted-to.pdf used on input li
ne 787.
(pdftex.def)             Requested size: 217.25967pt x 159.4442pt.
Package epstopdf Info: Source file: <figures/shcb_zoom_low.eps>
(epstopdf)                    date: 2015-01-28 10:39:21
(epstopdf)                    size: 4448863 bytes
(epstopdf)             Output file: <figures/shcb_zoom_low-eps-converted-to.pdf
>
(epstopdf)                    date: 2015-01-28 10:39:21
(epstopdf)                    size: 46347 bytes
(epstopdf)             Command: <repstopdf --outfile=figures/shcb_zoom_low-eps-
converted-to.pdf figures/shcb_zoom_low.eps>
(epstopdf)             \includegraphics on input line 791.
Package epstopdf Info: Output file is already uptodate.

<figures/shcb_zoom_low-eps-converted-to.pdf, id=1035, 482.80376pt x 354.32375pt
>
File: figures/shcb_zoom_low-eps-converted-to.pdf Graphic file (type pdf)
 <use figures/shcb_zoom_low-eps-converted-to.pdf>
Package pdftex.def Info: figures/shcb_zoom_low-eps-converted-to.pdf used on inp
ut line 791.
(pdftex.def)             Requested size: 217.25967pt x 159.4442pt.
 [44 <./figures/shcb_low-eps-converted-to.pdf> <./figures/shcb_zoom_low-eps-con
verted-to.pdf>]

LaTeX Warning: Reference `sec:constraintcomposite' on page 45 undefined on inpu
t line 817.

[45]
LaTeX Font Info:    Font shape `T1/cmtt/bx/n' in size <10.95> not available
(Font)              Font shape `T1/cmtt/m/n' tried instead on input line 849.

Overfull \hbox (17.43225pt too wide) in paragraph at lines 849--850
 []\T1/cmr/bx/n/10.95 Create a []\T1/cmtt/m/n/10.95 ConstraintComposite[] \T1/c
mr/bx/n/10.95 ob-ject.[] \T1/cmr/m/n/10.95 To cre-ate the []\T1/cmtt/m/n/10.95 
ConstraintComposite[]
 []


Package hyperref Warning: Token not allowed in a PDF string (PDFDocEncoding):
(hyperref)                removing `\@ifnextchar' on input line 853.

[46] [47]
Overfull \hbox (21.31885pt too wide) in paragraph at lines 902--903
\T1/cmr/m/n/10.95 have de-fined a con-straint ob-ject, we need to add this to t
he []\T1/cmtt/m/n/10.95 ConstraintComposite[]
 []

[48] [49] [50]
Overfull \hbox (2.75511pt too wide) in paragraph at lines 1014--1015
 []\T1/cmr/bx/n/10.95 Implementing the func-tion evau-la-tion.[] \T1/cmr/m/n/10
.95 In the func-tion eval-u-a-tion func-
 []


Overfull \hbox (13.75291pt too wide) in paragraph at lines 1046--1048
\T1/cmr/m/n/10.95 When im-ple-ment-ing the Ja-co-bian eval-u-a-tion func-tion, 
the value of \T1/cmtt/m/n/10.95 nnzGradient
 []

[51]
Overfull \hbox (7.42947pt too wide) in paragraph at lines 1068--1069
\T1/cmr/m/n/10.95 el-e-ment of the Ja-co-bian; we will later im-ple-ment the fu
nc-tion \T1/cmtt/m/n/10.95 structureGradF\T1/cmr/m/n/10.95 ,
 []


Overfull \hbox (12.34311pt too wide) in paragraph at lines 1070--1071
 []\T1/cmr/bx/n/10.95 Implementing the Hes-sian eval-u-a-tion.[] \T1/cmr/m/n/10
.95 We cal-cu-late the Hes-sian $\OMS/cmsy/m/n/10.95 r[]\OML/cmm/m/it/10.95 c[]
\OT1/cmr/m/n/10.95 (\OML/cmm/m/it/10.95 x\OT1/cmr/m/n/10.95 )$\T1/cmr/m/n/10.95
 : 
 []


Overfull \hbox (10.0698pt too wide) in paragraph at lines 1073--1075
\T1/cmr/m/n/10.95 This Hes-sian has three nonzero el-e-ments, which is the rea-
son we set \T1/cmtt/m/n/10.95 nnzHessian
 []

[52]
Overfull \hbox (10.0634pt too wide) in paragraph at lines 1132--1133
 []\T1/cmr/bx/n/10.95 Defining the struc-ture of the Hes-sian.[] \T1/cmr/m/n/10
.95 The func-tion \T1/cmtt/m/n/10.95 structureHessianF
 []

[53]
Overfull \hbox (21.31885pt too wide) in paragraph at lines 1177--1178
\T1/cmr/m/n/10.95 have de-fined a con-straint ob-ject, we need to add this to t
he []\T1/cmtt/m/n/10.95 ConstraintComposite[]
 []

[54] [55]
Package epstopdf Info: Source file: <figures/shcb_h00.eps>
(epstopdf)                    date: 2015-01-28 10:39:21
(epstopdf)                    size: 11485 bytes
(epstopdf)             Output file: <figures/shcb_h00-eps-converted-to.pdf>
(epstopdf)                    date: 2015-01-28 10:39:21
(epstopdf)                    size: 8270 bytes
(epstopdf)             Command: <repstopdf --outfile=figures/shcb_h00-eps-conve
rted-to.pdf figures/shcb_h00.eps>
(epstopdf)             \includegraphics on input line 1215.
Package epstopdf Info: Output file is already uptodate.

<figures/shcb_h00-eps-converted-to.pdf, id=1304, 449.68pt x 338.26375pt>
File: figures/shcb_h00-eps-converted-to.pdf Graphic file (type pdf)

<use figures/shcb_h00-eps-converted-to.pdf>
Package pdftex.def Info: figures/shcb_h00-eps-converted-to.pdf used on input li
ne 1215.
(pdftex.def)             Requested size: 134.90503pt x 101.4799pt.
Package epstopdf Info: Source file: <figures/shcb_h00_zoom.eps>
(epstopdf)                    date: 2015-01-28 10:39:21
(epstopdf)                    size: 9405 bytes
(epstopdf)             Output file: <figures/shcb_h00_zoom-eps-converted-to.pdf
>
(epstopdf)                    date: 2015-01-28 10:39:21
(epstopdf)                    size: 6574 bytes
(epstopdf)             Command: <repstopdf --outfile=figures/shcb_h00_zoom-eps-
converted-to.pdf figures/shcb_h00_zoom.eps>
(epstopdf)             \includegraphics on input line 1219.
Package epstopdf Info: Output file is already uptodate.

<figures/shcb_h00_zoom-eps-converted-to.pdf, id=1305, 449.68pt x 338.26375pt>
File: figures/shcb_h00_zoom-eps-converted-to.pdf Graphic file (type pdf)

<use figures/shcb_h00_zoom-eps-converted-to.pdf>
Package pdftex.def Info: figures/shcb_h00_zoom-eps-converted-to.pdf used on inp
ut line 1219.
(pdftex.def)             Requested size: 134.90503pt x 101.4799pt.
Package epstopdf Info: Source file: <figures/shcb_h11.eps>
(epstopdf)                    date: 2015-01-28 10:39:21
(epstopdf)                    size: 10953 bytes
(epstopdf)             Output file: <figures/shcb_h11-eps-converted-to.pdf>
(epstopdf)                    date: 2015-01-28 10:39:21
(epstopdf)                    size: 7394 bytes
(epstopdf)             Command: <repstopdf --outfile=figures/shcb_h11-eps-conve
rted-to.pdf figures/shcb_h11.eps>
(epstopdf)             \includegraphics on input line 1226.
Package epstopdf Info: Output file is already uptodate.

<figures/shcb_h11-eps-converted-to.pdf, id=1308, 449.68pt x 338.26375pt>
File: figures/shcb_h11-eps-converted-to.pdf Graphic file (type pdf)

<use figures/shcb_h11-eps-converted-to.pdf>
Package pdftex.def Info: figures/shcb_h11-eps-converted-to.pdf used on input li
ne 1226.
(pdftex.def)             Requested size: 134.90503pt x 101.4799pt.

Overfull \hbox (88.03645pt too wide) in paragraph at lines 1230--1231
[]\T1/cmr/m/n/10.95 We cre-ate a new con-straint class which we name []\T1/cmtt
/m/n/10.95 ConstraintSixHumpCamelWithRelaxation[]\T1/cmr/m/n/10.95 ,
 []

[56 <./figures/shcb_h00-eps-converted-to.pdf> <./figures/shcb_h00_zoom-eps-conv
erted-to.pdf> <./figures/shcb_h11-eps-converted-to.pdf>]
Overfull \hbox (20.81602pt too wide) in paragraph at lines 1263--1264
[]\T1/cmr/m/n/10.95 Implement the \T1/cmtt/m/n/10.95 computeConvexRelaxation() 
\T1/cmr/m/n/10.95 and \T1/cmtt/m/n/10.95 getConvexRelaxation()
 []

[57]
Overfull \hbox (10.2164pt too wide) in paragraph at lines 1277--1278
\T1/cmr/m/n/10.95 to change the cor-re-spond-ing pa-ram-e-ter of the \T1/cmtt/m
/n/10.95 setConstraintProperties
 []


Overfull \hbox (52.78966pt too wide) in paragraph at lines 1283--1284
\T1/cmr/m/n/10.95 We use these pa-ram-e-ters to up-date the \T1/cmtt/m/n/10.95 
domainLowerBound \T1/cmr/m/n/10.95 and \T1/cmtt/m/n/10.95 domainUpperBound
 []


Overfull \hbox (74.7203pt too wide) in paragraph at lines 1283--1284
\T1/cmr/m/n/10.95 mem-bers, re-spec-tively. Now we can cre-ate some func-tion \
T1/cmtt/m/n/10.95 computeConvexRelaxation()
 []

[58]
Package epstopdf Info: Source file: <figures/nodeepcopy.eps>
(epstopdf)                    date: 2015-01-28 10:39:21
(epstopdf)                    size: 240475 bytes
(epstopdf)             Output file: <figures/nodeepcopy-eps-converted-to.pdf>
(epstopdf)                    date: 2015-01-28 10:39:21
(epstopdf)                    size: 73611 bytes
(epstopdf)             Command: <repstopdf --outfile=figures/nodeepcopy-eps-con
verted-to.pdf figures/nodeepcopy.eps>
(epstopdf)             \includegraphics on input line 1317.
Package epstopdf Info: Output file is already uptodate.

<figures/nodeepcopy-eps-converted-to.pdf, id=1394, 478.78876pt x 135.50626pt>
File: figures/nodeepcopy-eps-converted-to.pdf Graphic file (type pdf)

<use figures/nodeepcopy-eps-converted-to.pdf>
Package pdftex.def Info: figures/nodeepcopy-eps-converted-to.pdf used on input 
line 1317.
(pdftex.def)             Requested size: 335.14984pt x 94.85371pt.
Package epstopdf Info: Source file: <figures/deepcopy.eps>
(epstopdf)                    date: 2015-01-28 10:39:21
(epstopdf)                    size: 316362 bytes
(epstopdf)             Output file: <figures/deepcopy-eps-converted-to.pdf>
(epstopdf)                    date: 2015-01-28 10:39:21
(epstopdf)                    size: 94590 bytes
(epstopdf)             Command: <repstopdf --outfile=figures/deepcopy-eps-conve
rted-to.pdf figures/deepcopy.eps>
(epstopdf)             \includegraphics on input line 1324.
Package epstopdf Info: Output file is already uptodate.

<figures/deepcopy-eps-converted-to.pdf, id=1396, 479.7925pt x 144.54pt>
File: figures/deepcopy-eps-converted-to.pdf Graphic file (type pdf)

<use figures/deepcopy-eps-converted-to.pdf>
Package pdftex.def Info: figures/deepcopy-eps-converted-to.pdf used on input li
ne 1324.
(pdftex.def)             Requested size: 335.85245pt x 101.17729pt.
 [59 <./figures/nodeepcopy-eps-converted-to.pdf> <./figures/deepcopy-eps-conver
ted-to.pdf>]
Overfull \hbox (7.77318pt too wide) in paragraph at lines 1365--1366
 []\T1/cmr/bx/n/10.95 Implement the \T1/cmtt/m/n/10.95 computeConvexRelaxation(
) \T1/cmr/bx/n/10.95 and \T1/cmtt/m/n/10.95 getConvexRelaxation()
 []

[60] [61] [62] [63] [64]
Overfull \hbox (33.94194pt too wide) in paragraph at lines 1582--1583
\T1/cmr/m/n/10.95 this class will be very sim-i-lar to the im-ple-men-ta-tion o
f the []\T1/cmtt/m/n/10.95 ConstraintSixHumpCamel[]
 []


Overfull \hbox (42.86371pt too wide) in paragraph at lines 1587--1588
[]\T1/cmr/m/n/10.95 The con-straint prop-er-ties \T1/cmtt/m/n/10.95 constraintC
onvex \T1/cmr/m/n/10.95 and \T1/cmtt/m/n/10.95 convexRelaxationAvailable
 []

[65] [66] [67]
Overfull \hbox (2.57666pt too wide) in paragraph at lines 1715--1716
\T1/cmr/bx/n/10.95 work.[] \T1/cmr/m/n/10.95 We will now use the []\T1/cmtt/m/n
/10.95 ConstraintSixHumpCamelWithRelaxation[] \T1/cmr/m/n/10.95 class
 []

[68]
Package epstopdf Info: Source file: <figures/shcb_progress1.eps>
(epstopdf)                    date: 2015-01-28 10:39:21
(epstopdf)                    size: 31834 bytes
(epstopdf)             Output file: <figures/shcb_progress1-eps-converted-to.pd
f>
(epstopdf)                    date: 2015-01-28 10:39:21
(epstopdf)                    size: 9977 bytes
(epstopdf)             Command: <repstopdf --outfile=figures/shcb_progress1-eps
-converted-to.pdf figures/shcb_progress1.eps>
(epstopdf)             \includegraphics on input line 1747.
Package epstopdf Info: Output file is already uptodate.

<figures/shcb_progress1-eps-converted-to.pdf, id=1800, 449.68pt x 338.26375pt>
File: figures/shcb_progress1-eps-converted-to.pdf Graphic file (type pdf)

<use figures/shcb_progress1-eps-converted-to.pdf>
Package pdftex.def Info: figures/shcb_progress1-eps-converted-to.pdf used on in
put line 1747.
(pdftex.def)             Requested size: 161.9989pt x 121.8626pt.
Package epstopdf Info: Source file: <figures/shcb_progress2.eps>
(epstopdf)                    date: 2015-01-28 10:39:21
(epstopdf)                    size: 43518 bytes
(epstopdf)             Output file: <figures/shcb_progress2-eps-converted-to.pd
f>
(epstopdf)                    date: 2015-01-28 10:39:21
(epstopdf)                    size: 10533 bytes
(epstopdf)             Command: <repstopdf --outfile=figures/shcb_progress2-eps
-converted-to.pdf figures/shcb_progress2.eps>
(epstopdf)             \includegraphics on input line 1751.
Package epstopdf Info: Output file is already uptodate.

<figures/shcb_progress2-eps-converted-to.pdf, id=1801, 449.68pt x 338.26375pt>
File: figures/shcb_progress2-eps-converted-to.pdf Graphic file (type pdf)

<use figures/shcb_progress2-eps-converted-to.pdf>
Package pdftex.def Info: figures/shcb_progress2-eps-converted-to.pdf used on in
put line 1751.
(pdftex.def)             Requested size: 161.9989pt x 121.8626pt.
 [69 <./figures/shcb_progress1-eps-converted-to.pdf> <./figures/shcb_progress2-
eps-converted-to.pdf>]

LaTeX Warning: Reference `sec:interpolationtable' on page 70 undefined on input
 line 1780.

[70]
Package epstopdf Info: Source file: <figures/shcb_progress3.eps>
(epstopdf)                    date: 2015-01-28 10:39:21
(epstopdf)                    size: 9538 bytes
(epstopdf)             Output file: <figures/shcb_progress3-eps-converted-to.pd
f>
(epstopdf)                    date: 2015-01-28 10:39:21
(epstopdf)                    size: 7037 bytes
(epstopdf)             Command: <repstopdf --outfile=figures/shcb_progress3-eps
-converted-to.pdf figures/shcb_progress3.eps>
(epstopdf)             \includegraphics on input line 1832.
Package epstopdf Info: Output file is already uptodate.

<figures/shcb_progress3-eps-converted-to.pdf, id=1870, 449.68pt x 338.26375pt>
File: figures/shcb_progress3-eps-converted-to.pdf Graphic file (type pdf)

<use figures/shcb_progress3-eps-converted-to.pdf>
Package pdftex.def Info: figures/shcb_progress3-eps-converted-to.pdf used on in
put line 1832.
(pdftex.def)             Requested size: 360.0pt x 270.81265pt.
 [71]) [72 <./figures/shcb_progress3-eps-converted-to.pdf>] (./manual.bbl
Underfull \hbox (badness 10000) in paragraph at lines 21--24
[]\T1/cmr/m/n/10.95 Gal Guen-nebaud, Benot Ja-cob, et al.  Eigen v3.
 []

)
Package atveryend Info: Empty hook `BeforeClearDocument' on input line 62.
 [73


]
Package atveryend Info: Empty hook `AfterLastShipout' on input line 62.
 (./manual.aux (./titlepage.aux) (./introduction.aux) (./installation.aux) (./i
nterfacing.aux) (./formulation.aux) (./solvers.aux) (./examples.aux))
Package atveryend Info: Executing hook `AtVeryEndDocument' on input line 62.
Package atveryend Info: Executing hook `AtEndAfterFileList' on input line 62.
Package rerunfilecheck Info: File `manual.out' has not changed.
(rerunfilecheck)             Checksum: 08E28A63B09034ED6B78CA4199361970;4022.


LaTeX Warning: There were undefined references.

Package atveryend Info: Empty hook `AtVeryVeryEnd' on input line 62.
 ) 
Here is how much of TeX's memory you used:
 10401 strings out of 494985
 152083 string characters out of 6180356
 426690 words of memory out of 5000000
 12144 multiletter control sequences out of 15000+600000
 25555 words of font info for 70 fonts, out of 8000000 for 9000
 36 hyphenation exceptions out of 8191
 42i,14n,58p,1091b,1726s stack positions out of 5000i,500n,10000p,200000b,80000s
 </home/bjarne/.texmf-var/fonts/pk/ljfour/jknappen/ec/ectt1200.600pk> </home/
bjarne/.texmf-var/fonts/pk/ljfour/jknappen/ec/ecxc1200.600pk> </home/bjarne/.te
xmf-var/fonts/pk/ljfour/jknappen/ec/ectt0900.600pk> </home/bjarne/.texmf-var/fo
nts/pk/ljfour/jknappen/ec/ecxc1440.600pk> </home/bjarne/.texmf-var/fonts/pk/ljf
our/jknappen/ec/ecrm0900.600pk> </home/bjarne/.texmf-var/fonts/pk/ljfour/jknapp
en/ec/ecti1095.600pk> </home/bjarne/.texmf-var/fonts/pk/ljfour/jknappen/ec/ecbx
1200.600pk> </home/bjarne/.texmf-var/fonts/pk/ljfour/jknappen/ec/ectt1095.600pk
> </home/bjarne/.texmf-var/fonts/pk/ljfour/jknappen/ec/eccc1095.600pk> </home/b
jarne/.texmf-var/fonts/pk/ljfour/jknappen/ec/ecxc1095.600pk> </home/bjarne/.tex
mf-var/fonts/pk/ljfour/jknappen/ec/ecrm1095.600pk> </home/bjarne/.texmf-var/fon
ts/pk/ljfour/jknappen/ec/ecbx1095.600pk> </home/bjarne/.texmf-var/fonts/pk/ljfo
ur/jknappen/ec/ecbx1440.600pk> </home/bjarne/.texmf-var/fonts/pk/ljfour/jknappe
n/ec/ecrm1200.600pk> </home/bjarne/.texmf-var/fonts/pk/ljfour/jknappen/ec/eccc1
440.600pk> </home/bjarne/.texmf-var/fonts/pk/ljfour/jknappen/ec/ecrm1440.600pk>
 </home/bjarne/.texmf-var/fonts/pk/ljfour/jknappen/ec/ecxc2074.600pk> </home/bj
arne/.texmf-var/fonts/pk/ljfour/jknappen/ec/ecbx2074.600pk></usr/share/texlive/
texmf-dist/fonts/type1/public/amsfonts/cm/cmbx9.pfb></usr/share/texlive/texmf-d
ist/fonts/type1/public/amsfonts/cm/cmex10.pfb></usr/share/texlive/texmf-dist/fo
nts/type1/public/amsfonts/cm/cmmi10.pfb></usr/share/texlive/texmf-dist/fonts/ty
pe1/public/amsfonts/cm/cmmi6.pfb></usr/share/texlive/texmf-dist/fonts/type1/pub
lic/amsfonts/cm/cmmi8.pfb></usr/share/texlive/texmf-dist/fonts/type1/public/ams
fonts/cm/cmmi9.pfb></usr/share/texlive/texmf-dist/fonts/type1/public/amsfonts/c
m/cmr10.pfb></usr/share/texlive/texmf-dist/fonts/type1/public/amsfonts/cm/cmr6.
pfb></usr/share/texlive/texmf-dist/fonts/type1/public/amsfonts/cm/cmr8.pfb></us
r/share/texlive/texmf-dist/fonts/type1/public/amsfonts/cm/cmr9.pfb></usr/share/
texlive/texmf-dist/fonts/type1/public/amsfonts/cm/cmsy10.pfb></usr/share/texliv
e/texmf-dist/fonts/type1/public/amsfonts/cm/cmsy6.pfb></usr/share/texlive/texmf
-dist/fonts/type1/public/amsfonts/cm/cmsy8.pfb></usr/share/texlive/texmf-dist/f
onts/type1/public/amsfonts/cm/cmsy9.pfb></usr/share/texlive/texmf-dist/fonts/ty
pe1/public/amsfonts/cm/cmtt10.pfb></usr/share/texlive/texmf-dist/fonts/type1/pu
blic/amsfonts/symbols/msbm10.pfb>
Output written on manual.pdf (74 pages, 1269992 bytes).
PDF statistics:
 2826 PDF objects out of 2984 (max. 8388607)
 2109 compressed objects within 22 object streams
 1208 named destinations out of 1440 (max. 500000)
 545 words of extra memory for PDF output out of 10000 (max. 10000000)

